app/build/outputs/mapping/release/seeds.txt
com.mycompany.myngdroidapp.GameActivity
com.mycompany.myngdroidapp.GameActivity: GameActivity()
com.mycompany.myngdroidapp.R$anim: int abc_fade_in
com.mycompany.myngdroidapp.R$anim: int abc_fade_out
com.mycompany.myngdroidapp.R$anim: int abc_grow_fade_in_from_bottom
com.mycompany.myngdroidapp.R$anim: int abc_popup_enter
com.mycompany.myngdroidapp.R$anim: int abc_popup_exit
com.mycompany.myngdroidapp.R$anim: int abc_shrink_fade_out_from_bottom
com.mycompany.myngdroidapp.R$anim: int abc_slide_in_bottom
com.mycompany.myngdroidapp.R$anim: int abc_slide_in_top
com.mycompany.myngdroidapp.R$anim: int abc_slide_out_bottom
com.mycompany.myngdroidapp.R$anim: int abc_slide_out_top
com.mycompany.myngdroidapp.R$anim: int abc_tooltip_enter
com.mycompany.myngdroidapp.R$anim: int abc_tooltip_exit
com.mycompany.myngdroidapp.R$attr: int actionBarDivider
com.mycompany.myngdroidapp.R$attr: int actionBarItemBackground
com.mycompany.myngdroidapp.R$attr: int actionBarPopupTheme
com.mycompany.myngdroidapp.R$attr: int actionBarSize
com.mycompany.myngdroidapp.R$attr: int actionBarSplitStyle
com.mycompany.myngdroidapp.R$attr: int actionBarStyle
com.mycompany.myngdroidapp.R$attr: int actionBarTabBarStyle
com.mycompany.myngdroidapp.R$attr: int actionBarTabStyle
com.mycompany.myngdroidapp.R$attr: int actionBarTabTextStyle
com.mycompany.myngdroidapp.R$attr: int actionBarTheme
com.mycompany.myngdroidapp.R$attr: int actionBarWidgetTheme
com.mycompany.myngdroidapp.R$attr: int actionButtonStyle
com.mycompany.myngdroidapp.R$attr: int actionDropDownStyle
com.mycompany.myngdroidapp.R$attr: int actionLayout
com.mycompany.myngdroidapp.R$attr: int actionMenuTextAppearance
com.mycompany.myngdroidapp.R$attr: int actionMenuTextColor
com.mycompany.myngdroidapp.R$attr: int actionModeBackground
com.mycompany.myngdroidapp.R$attr: int actionModeCloseButtonStyle
com.mycompany.myngdroidapp.R$attr: int actionModeCloseDrawable
com.mycompany.myngdroidapp.R$attr: int actionModeCopyDrawable
com.mycompany.myngdroidapp.R$attr: int actionModeCutDrawable
com.mycompany.myngdroidapp.R$attr: int actionModeFindDrawable
com.mycompany.myngdroidapp.R$attr: int actionModePasteDrawable
com.mycompany.myngdroidapp.R$attr: int actionModePopupWindowStyle
com.mycompany.myngdroidapp.R$attr: int actionModeSelectAllDrawable
com.mycompany.myngdroidapp.R$bool: int abc_action_bar_embed_tabs
com.mycompany.myngdroidapp.R$bool: int abc_allow_stacked_button_bar
com.mycompany.myngdroidapp.R$bool: int abc_config_actionMenuItemAllCaps
com.mycompany.myngdroidapp.R$color: int abc_background_cache_hint_selector_material_dark
com.mycompany.myngdroidapp.R$color: int abc_background_cache_hint_selector_material_light
com.mycompany.myngdroidapp.R$color: int abc_btn_colored_borderless_text_material
com.mycompany.myngdroidapp.R$color: int abc_btn_colored_text_material
com.mycompany.myngdroidapp.R$color: int abc_color_highlight_material
com.mycompany.myngdroidapp.R$color: int abc_hint_foreground_material_dark
com.mycompany.myngdroidapp.R$color: int abc_hint_foreground_material_light
com.mycompany.myngdroidapp.R$color: int abc_input_method_navigation_guard
com.mycompany.myngdroidapp.R$color: int abc_primary_text_disable_only_material_dark
com.mycompany.myngdroidapp.R$color: int abc_primary_text_disable_only_material_light
com.mycompany.myngdroidapp.R$color: int abc_primary_text_material_dark
com.mycompany.myngdroidapp.R$color: int abc_primary_text_material_light
com.mycompany.myngdroidapp.R$color: int abc_search_url_text
com.mycompany.myngdroidapp.R$color: int abc_search_url_text_normal
com.mycompany.myngdroidapp.R$color: int abc_search_url_text_pressed
com.mycompany.myngdroidapp.R$color: int abc_search_url_text_selected
com.mycompany.myngdroidapp.R$color: int abc_secondary_text_material_dark
com.mycompany.myngdroidapp.R$color: int abc_secondary_text_material_light
com.mycompany.myngdroidapp.R$color: int abc_tint_btn_checkable
com.mycompany.myngdroidapp.R$color: int abc_tint_default
...
android.support.v7.appcompat.R$bool: int abc_action_bar_embed_tabs
android.support.v7.appcompat.R$bool: int abc_allow_stacked_button_bar
android.support.v7.appcompat.R$bool: int abc_config_actionMenuItemAllCaps
android.support.v7.appcompat.R$color: int abc_background_cache_hint_selector_material_dark
android.support.v7.appcompat.R$color: int abc_background_cache_hint_selector_material_light
android.support.v7.appcompat.R$color: int abc_btn_colored_borderless_text_material
android.support.v7.appcompat.R$color: int abc_btn_colored_text_material
android.support.v7.appcompat.R$color: int abc_color_highlight_material
android.support.v7.appcompat.R$color: int abc_hint_foreground_material_dark
android.support.v7.appcompat.R$color: int abc_hint_foreground_material_light
android.support.v7.appcompat.R$color: int abc_input_method_navigation_guard
android.support.v7.appcompat.R$color: int abc_primary_text_disable_only_material_dark
android.support.v7.appcompat.R$color: int abc_primary_text_disable_only_material_light
android.support.v7.appcompat.R$color: int abc_primary_text_material_dark
android.support.v7.appcompat.R$color: int abc_primary_text_material_light
android.support.v7.appcompat.R$color: int abc_search_url_text
android.support.v7.appcompat.R$color: int abc_search_url_text_normal
android.support.v7.appcompat.R$color: int abc_search_url_text_pressed
android.support.v7.appcompat.R$color: int abc_search_url_text_selected
android.support.v7.appcompat.R$color: int abc_secondary_text_material_dark
android.support.v7.appcompat.R$color: int abc_secondary_text_material_light
android.support.v7.appcompat.R$color: int abc_tint_btn_checkable
android.support.v7.appcompat.R$dimen: int abc_action_bar_content_inset_material
android.support.v7.appcompat.R$dimen: int abc_action_bar_content_inset_with_nav
android.support.v7.appcompat.R$dimen: int abc_action_bar_default_height_material
android.support.v7.appcompat.R$dimen: int abc_action_bar_default_padding_end_material
android.support.v7.appcompat.R$dimen: int abc_action_bar_default_padding_start_material
android.support.v7.appcompat.R$dimen: int abc_action_bar_elevation_material
android.support.v7.appcompat.R$dimen: int abc_action_bar_icon_vertical_padding_material
android.support.v7.appcompat.R$dimen: int abc_action_bar_overflow_padding_end_material
android.support.v7.appcompat.R$dimen: int abc_action_bar_overflow_padding_start_material
android.support.v7.appcompat.R$dimen: int abc_action_bar_stacked_max_height
android.support.v7.appcompat.R$dimen: int abc_action_bar_stacked_tab_max_width
android.support.v7.appcompat.R$dimen: int abc_action_bar_subtitle_bottom_margin_material
android.support.v7.appcompat.R$dimen: int abc_action_bar_subtitle_top_margin_material
android.support.v7.appcompat.R$dimen: int abc_action_button_min_height_material
android.support.v7.appcompat.R$dimen: int abc_action_button_min_width_material
android.support.v7.appcompat.R$dimen: int abc_action_button_min_width_overflow_material
android.support.v7.appcompat.R$dimen: int abc_alert_dialog_button_bar_height
android.support.v7.appcompat.R$dimen: int abc_alert_dialog_button_dimen