app/build/outputs/mapping/release/mapping.txt
com.mycompany.myngdroidapp.GameActivity -> com.mycompany.myngdroidapp.GameActivity:
    java.lang.String TAG -> b
    void <init>() -> <init>
    void onCreate(android.os.Bundle) -> onCreate
    void onActivityResult(int,int,android.content.Intent) -> onActivityResult
    void <clinit>() -> <clinit>
...
androidx.versionedparcelable.VersionedParcelable -> androidx.versionedparcelable.c:
com.ngdroidapp.GameCanvas -> com.a.a:
    android.graphics.Canvas canvas -> a
    android.graphics.Bitmap[] sercan -> b
    int sercanx -> c
    int sercany -> d
    int sercanhiz -> e
    int sercandurum -> f
    boolean saghareket -> g
    boolean solhareket -> h
    android.graphics.Bitmap sagbuton -> i
    int sagbutonx -> j
    int sagbutony -> k
    android.graphics.Bitmap solbuton -> l
    int solbutonx -> m
    int solbutony -> n
    android.graphics.Bitmap arkaplan -> o
    int arkaplanx -> p
    int arkaplany -> q
    android.graphics.Bitmap yemek -> r
    java.util.Random rasgelesayi -> s
    java.util.Vector yemekler -> t
    java.util.Vector yemeklistesi -> u
    double baslangiczamani -> v
    double suankizaman -> w
    android.graphics.Rect carpisan1 -> x
    android.graphics.Rect carpisan2 -> y
    android.graphics.Bitmap puancerceve -> z
    int puancercevex -> A
    int puancercevey -> B
    int puanx -> C
    int puany -> D
    int puan -> E
    android.graphics.Paint puanrengi -> F
    int yemekpuani -> G
    android.graphics.Bitmap[] patlamaresimleri -> H
    int patlamaframesayisi -> I
    int patlamax -> J
    int patlamay -> K
    java.util.Vector yenipatlama -> L
    java.util.Vector patlamalistesi -> M
    int PATLAMA_FRAME -> N
    int PATLAMA_X -> O
    int PATLAMA_Y -> P
    android.graphics.Bitmap ayarbutonu -> Q
    int ayarbutonux -> R
    int ayarbutonuy -> S
    android.graphics.Bitmap pausemenu -> T
    int pausemenux -> U
com.ngdroidapp.MenuCanvas -> com.a.b:
    android.graphics.Canvas canvas -> a
    android.graphics.Bitmap[] oynabuton -> b
    int oynabutonx -> c
    int oynabutony -> d
    int oynabutondurumu -> e
    android.graphics.Bitmap arkaplan -> f
    void <init>(com.ngdroidapp.NgApp) -> <init>
    void setup() -> a
    void update() -> b
    void draw(android.graphics.Canvas) -> a
    void touchDown(int,int,int) -> a
    void touchMove(int,int,int) -> b
    void touchUp(int,int,int) -> c
    void arkaplanYukle() -> l
    void arkaplanCiz() -> m
    void oynabutonCiz() -> n
    void oynabutonYukle() -> o
    void oynabutonTiklama(int,int) -> b
    void oynaButonKonumunuDuzelt() -> p
    void oynabutonDurumuDuzelt(int,int) -> c
    boolean backPressed() -> c
    void surfaceChanged(int,int) -> a
    void surfaceCreated() -> d
    void pause() -> e
    void resume() -> f
    void reloadTextures() -> g
    void showNotify() -> h
    void hideNotify() -> i
com.ngdroidapp.NgApp -> com.a.c:
    int SE_BUTON -> a
    int SE_ATES -> b
    int SE_PATLAMA -> c
    int SE_BOSSOLU1 -> d
    int SE_BOSSOLU2 -> e
    int SE_BOSSATES -> f
    int SE_BOSSATES2 -> g
    int SE_BOLUMBITTI -> h
    istanbul.gamelab.ngdroid.core.NgMediaPlayer oyunmuzik -> i
    istanbul.gamelab.ngdroid.core.NgMediaPlayer menumuzik -> j
    istanbul.gamelab.ngdroid.core.NgMediaPlayer bosspatlama -> k
    istanbul.gamelab.ngdroid.core.NgMediaPlayer bossbolumsonu -> l
    boolean muzikbutonacik -> m
    boolean sesbutonacik -> n
    istanbul.gamelab.ngdroid.core.SoundManager sescalar -> o
    int[] sesefektleri -> p
    void <init>(istanbul.gamelab.ngdroid.base.BaseActivity,istanbul.gamelab.ngdroid.core.AppManager) -> <init>
    void menumuzikOynat(boolean) -> a
    void gamemuzikOynat(boolean) -> b
    void sesOynat(int) -> a
    void setup() -> a
    float xOranla(int) -> b
    float yOranla(int) -> c
    void update() -> b
    void draw(android.graphics.Canvas) -> a
    boolean backPressed() -> c
    void touchDown(int,int,int) -> a
    void touchMove(int,int,int) -> b
    void touchUp(int,int,int) -> c
    void surfaceChanged(int,int) -> a
    void surfaceCreated() -> d
    void pause() -> e
    void resume() -> f
    void reloadTextures() -> g